<?xml version="1.0" encoding="UTF-8"?>
<!-- Generated by org.testng.reporters.JUnitReportReporter -->
<testsuite hostname="LAPTOP-R55IRKN0" failures="0" tests="1" name="testCases.TC_005_AddToCartTest" time="11.445" errors="0" timestamp="2024-07-10T12:31:40 IST" skipped="0">
  <testcase classname="testCases.TC_005_AddToCartTest" name="verify_Addtocarttest" time="11.445"/>
</testsuite> <!-- testCases.TC_005_AddToCartTest -->
