<?xml version="1.0" encoding="UTF-8"?>
<!-- Generated by org.testng.reporters.JUnitReportReporter -->
<testsuite hostname="LAPTOP-R55IRKN0" failures="0" tests="1" name="testCases.TC_12_ContactUsPageTest" time="9.783" errors="0" timestamp="2024-07-10T12:31:39 IST" skipped="0">
  <testcase classname="testCases.TC_12_ContactUsPageTest" name="TC_12_ContactUsPageTest" time="9.783"/>
</testsuite> <!-- testCases.TC_12_ContactUsPageTest -->
