<?xml version="1.0" encoding="UTF-8"?>
<!-- Generated by org.testng.reporters.JUnitReportReporter -->
<testsuite hostname="LAPTOP-R55IRKN0" failures="0" tests="1" name="testCases.TC_008_ClickOnHomePageLink" time="0.167" errors="0" timestamp="2024-07-10T12:31:39 IST" skipped="0">
  <testcase classname="testCases.TC_008_ClickOnHomePageLink" name="clickonhomepagelink" time="0.167"/>
</testsuite> <!-- testCases.TC_008_ClickOnHomePageLink -->
