<?xml version="1.0" encoding="UTF-8"?>
<!-- Generated by org.testng.reporters.JUnitReportReporter -->
<testsuite hostname="LAPTOP-R55IRKN0" failures="0" tests="1" name="testCases.TC_001_LoginTest" time="6.967" errors="0" timestamp="2024-05-21T14:45:28 IST" skipped="0">
  <testcase classname="testCases.TC_001_LoginTest" name="verify_login_page" time="6.967"/>
</testsuite> <!-- testCases.TC_001_LoginTest -->
